<?xml version="1.0" encoding="UTF-8"?>
<!-- Generated by org.testng.reporters.JUnitXMLReporter -->
<testsuite hostname="LAPTOP-1PGEGCF0" ignored="2" name="chrome_headless" tests="1" failures="0" timestamp="03 Jan 2018 14:40:40 GMT" time="19.623" errors="0">
  <testcase name="login_Page_true" time="8.767" classname="com.test.runner.Runner"/>
  <testcase name="login_Page_false" time="0.0" classname="com.test.runner.Runner">
    <ignored/>
  </testcase> <!-- login_Page_false -->
  <testcase name="smokeTest_URLs" time="0.0" classname="com.test.runner.Runner">
    <ignored/>
  </testcase> <!-- smokeTest_URLs -->
</testsuite> <!-- chrome_headless -->
