<?xml version="1.0" encoding="UTF-8"?>
<!-- Generated by org.testng.reporters.JUnitXMLReporter -->
<testsuite hostname="LAPTOP-1PGEGCF0" ignored="0" name="Chrome" tests="1" failures="0" timestamp="31 Dec 2017 21:21:30 GMT" time="4.746" errors="0">
  <testcase name="@BeforeMethod load_browser" time="0.0" classname="com.test.runner.Runner">
    <failure type="org.testng.TestNGException" message="
Can inject only one of &amp;lt;ITestContext, XmlTest, Method, Object[], ITestResult&amp;gt; into a @BeforeMethod annotated load_browser.
For more information on native dependency injection please refer to http://testng.org/doc/documentation-main.html#native-dependency-injection">
      <![CDATA[org.testng.TestNGException: Can inject only one of <ITestContext, XmlTest, Method, Object[], ITestResult> into a @BeforeMethod annotated load_browser.For more information on native dependency injection please refer to http://testng.org/doc/documentation-main.html#native-dependency-injection... Removed 25 stack frames]]>
    </failure>
  </testcase> <!-- @BeforeMethod load_browser -->
  <testcase name="@AfterMethod getResult" time="0.0" classname="com.test.runner.Runner">
    <skipped/>
  </testcase> <!-- @AfterMethod getResult -->
  <testcase name="@AfterTest endReport" time="0.0" classname="com.test.runner.Runner">
    <skipped/>
  </testcase> <!-- @AfterTest endReport -->
  <testcase name="login_Page_true" time="0.0" classname="com.test.runner.Runner">
    <skipped/>
  </testcase> <!-- login_Page_true -->
</testsuite> <!-- Chrome -->
