<?xml version="1.0" encoding="UTF-8"?>
<testng-results skipped="0" failed="0" total="1" passed="1">
  <reporter-output>
  </reporter-output>
  <suite name="Suite" duration-ms="19808" started-at="2018-01-03T08:50:54Z" finished-at="2018-01-03T08:51:14Z">
    <groups>
    </groups>
    <test name="chrome" duration-ms="19808" started-at="2018-01-03T08:50:54Z" finished-at="2018-01-03T08:51:14Z">
      <class name="com.test.runner.Runner">
        <test-method status="PASS" signature="setUp(java.lang.String)[pri:0, instance:com.test.runner.Runner@60addb54]" name="setUp" is-config="true" duration-ms="9514" started-at="2018-01-03T14:20:54Z" finished-at="2018-01-03T14:21:04Z">
          <params>
            <param index="0">
              <value>
                <![CDATA[chrome]]>
              </value>
            </param>
          </params>
          <reporter-output>
          </reporter-output>
        </test-method> <!-- setUp -->
        <test-method status="PASS" signature="login_Page_true()[pri:1, instance:com.test.runner.Runner@60addb54]" name="login_Page_true" duration-ms="8938" started-at="2018-01-03T14:21:04Z" finished-at="2018-01-03T14:21:13Z">
          <reporter-output>
          </reporter-output>
        </test-method> <!-- login_Page_true -->
        <test-method status="PASS" signature="getResult(org.testng.ITestResult)[pri:0, instance:com.test.runner.Runner@60addb54]" name="getResult" is-config="true" duration-ms="15" started-at="2018-01-03T14:21:13Z" finished-at="2018-01-03T14:21:13Z">
          <params>
            <param index="0">
              <value>
                <![CDATA[[TestResult name=login_Page_true status=SUCCESS method=Runner.login_Page_true()[pri:1, instance:com.test.runner.Runner@60addb54] output={null}]]]>
              </value>
            </param>
          </params>
          <reporter-output>
          </reporter-output>
        </test-method> <!-- getResult -->
        <test-method status="PASS" signature="endReport()[pri:0, instance:com.test.runner.Runner@60addb54]" name="endReport" is-config="true" duration-ms="1306" started-at="2018-01-03T14:21:13Z" finished-at="2018-01-03T14:21:14Z">
          <reporter-output>
          </reporter-output>
        </test-method> <!-- endReport -->
      </class> <!-- com.test.runner.Runner -->
    </test> <!-- chrome -->
  </suite> <!-- Suite -->
</testng-results>
