<?xml version="1.0" encoding="UTF-8"?>
<testng-results skipped="1" failed="0" total="1" passed="0">
  <reporter-output>
  </reporter-output>
  <suite name="Suite" duration-ms="375" started-at="2018-01-03T16:29:14Z" finished-at="2018-01-03T16:29:14Z">
    <groups>
    </groups>
    <test name="chrome" duration-ms="375" started-at="2018-01-03T16:29:14Z" finished-at="2018-01-03T16:29:14Z">
      <class name="com.test.runner.SingleTest">
        <test-method status="PASS" signature="setUp(java.lang.String)[pri:0, instance:com.test.runner.SingleTest@737996a0]" name="setUp" is-config="true" duration-ms="367" started-at="2018-01-03T21:59:14Z" finished-at="2018-01-03T21:59:14Z">
          <params>
            <param index="0">
              <value>
                <![CDATA[chrome]]>
              </value>
            </param>
          </params>
          <reporter-output>
          </reporter-output>
        </test-method> <!-- setUp -->
        <test-method status="SKIP" signature="login_Page_true(java.lang.String, java.lang.String)[pri:1, instance:com.test.runner.SingleTest@737996a0]" name="login_Page_true" duration-ms="0" started-at="2018-01-03T21:59:14Z" data-provider="getTestData" finished-at="2018-01-03T21:59:14Z">
          <exception class="java.lang.RuntimeException">
            <message>
              <![CDATA[Can't invoke method public java.lang.Object[][] com.test.runner.DataProviderUnit.getTestData() throws java.io.IOException on this instance of class com.test.runner.SingleTest due to class mismatch]]>
            </message>
            <full-stacktrace>
              <![CDATA[java.lang.RuntimeException: Can't invoke method public java.lang.Object[][] com.test.runner.DataProviderUnit.getTestData() throws java.io.IOException on this instance of class com.test.runner.SingleTest due to class mismatch
	at org.testng.internal.MethodInvocationHelper.invokeMethod(MethodInvocationHelper.java:74)
	at org.testng.internal.MethodInvocationHelper.invokeDataProvider(MethodInvocationHelper.java:136)
	at org.testng.internal.Parameters.handleParameters(Parameters.java:430)
	at org.testng.internal.Invoker.handleParameters(Invoker.java:1270)
	at org.testng.internal.Invoker.createParameters(Invoker.java:985)
	at org.testng.internal.Invoker.invokeTestMethods(Invoker.java:1075)
	at org.testng.internal.TestMethodWorker.invokeTestMethods(TestMethodWorker.java:125)
	at org.testng.internal.TestMethodWorker.run(TestMethodWorker.java:108)
	at org.testng.TestRunner.privateRun(TestRunner.java:774)
	at org.testng.TestRunner.run(TestRunner.java:624)
	at org.testng.SuiteRunner.runTest(SuiteRunner.java:359)
	at org.testng.SuiteRunner.runSequentially(SuiteRunner.java:354)
	at org.testng.SuiteRunner.privateRun(SuiteRunner.java:312)
	at org.testng.SuiteRunner.run(SuiteRunner.java:261)
	at org.testng.SuiteRunnerWorker.runSuite(SuiteRunnerWorker.java:52)
	at org.testng.SuiteRunnerWorker.run(SuiteRunnerWorker.java:86)
	at org.testng.TestNG.runSuitesSequentially(TestNG.java:1191)
	at org.testng.TestNG.runSuitesLocally(TestNG.java:1116)
	at org.testng.TestNG.run(TestNG.java:1024)
	at org.apache.maven.surefire.testng.TestNGExecutor.run(TestNGExecutor.java:283)
	at org.apache.maven.surefire.testng.TestNGXmlTestSuite.execute(TestNGXmlTestSuite.java:75)
	at org.apache.maven.surefire.testng.TestNGProvider.invoke(TestNGProvider.java:120)
	at org.apache.maven.surefire.booter.ForkedBooter.invokeProviderInSameClassLoader(ForkedBooter.java:373)
	at org.apache.maven.surefire.booter.ForkedBooter.runSuitesInProcess(ForkedBooter.java:334)
	at org.apache.maven.surefire.booter.ForkedBooter.execute(ForkedBooter.java:119)
	at org.apache.maven.surefire.booter.ForkedBooter.main(ForkedBooter.java:407)
]]>
            </full-stacktrace>
          </exception> <!-- java.lang.RuntimeException -->
          <reporter-output>
          </reporter-output>
        </test-method> <!-- login_Page_true -->
      </class> <!-- com.test.runner.SingleTest -->
    </test> <!-- chrome -->
  </suite> <!-- Suite -->
</testng-results>
