<?xml version="1.0" encoding="UTF-8"?>
<testng-results skipped="0" failed="0" ignored="0" total="2" passed="2">
  <reporter-output>
  </reporter-output>
  <suite name="Suite" duration-ms="37210" started-at="2018-01-03T20:42:33Z" finished-at="2018-01-03T20:43:10Z">
    <groups>
    </groups>
    <test name="chrome" duration-ms="37210" started-at="2018-01-03T20:42:33Z" finished-at="2018-01-03T20:43:10Z">
      <class name="com.test.runner.DataDrivenTest_DB">
        <test-method status="PASS" signature="setUp(java.lang.String)[pri:0, instance:com.test.runner.DataDrivenTest_DB@4cf777e8]" name="setUp" is-config="true" duration-ms="645" started-at="2018-01-04T02:12:33Z" finished-at="2018-01-04T02:12:34Z">
          <params>
            <param index="0">
              <value>
                <![CDATA[chrome]]>
              </value>
            </param>
          </params>
          <reporter-output>
          </reporter-output>
        </test-method> <!-- setUp -->
        <test-method status="PASS" signature="setBrowser(java.lang.String)[pri:0, instance:com.test.runner.DataDrivenTest_DB@4cf777e8]" name="setBrowser" is-config="true" duration-ms="10721" started-at="2018-01-04T02:12:34Z" finished-at="2018-01-04T02:12:44Z">
          <params>
            <param index="0">
              <value>
                <![CDATA[chrome]]>
              </value>
            </param>
          </params>
          <reporter-output>
          </reporter-output>
        </test-method> <!-- setBrowser -->
        <test-method status="PASS" signature="login_Page_true()[pri:1, instance:com.test.runner.DataDrivenTest_DB@4cf777e8]" name="login_Page_true" duration-ms="8861" started-at="2018-01-04T02:12:44Z" finished-at="2018-01-04T02:12:53Z">
          <reporter-output>
          </reporter-output>
        </test-method> <!-- login_Page_true -->
        <test-method status="PASS" signature="teardown()[pri:0, instance:com.test.runner.DataDrivenTest_DB@4cf777e8]" name="teardown" is-config="true" duration-ms="855" started-at="2018-01-04T02:12:53Z" finished-at="2018-01-04T02:12:54Z">
          <reporter-output>
          </reporter-output>
        </test-method> <!-- teardown -->
        <test-method status="PASS" signature="setBrowser(java.lang.String)[pri:0, instance:com.test.runner.DataDrivenTest_DB@4cf777e8]" name="setBrowser" is-config="true" duration-ms="8326" started-at="2018-01-04T02:12:54Z" finished-at="2018-01-04T02:13:03Z">
          <params>
            <param index="0">
              <value>
                <![CDATA[chrome]]>
              </value>
            </param>
          </params>
          <reporter-output>
          </reporter-output>
        </test-method> <!-- setBrowser -->
        <test-method status="PASS" signature="login_Page_false()[pri:2, instance:com.test.runner.DataDrivenTest_DB@4cf777e8]" name="login_Page_false" duration-ms="6974" started-at="2018-01-04T02:13:03Z" finished-at="2018-01-04T02:13:10Z">
          <reporter-output>
          </reporter-output>
        </test-method> <!-- login_Page_false -->
        <test-method status="PASS" signature="teardown()[pri:0, instance:com.test.runner.DataDrivenTest_DB@4cf777e8]" name="teardown" is-config="true" duration-ms="803" started-at="2018-01-04T02:13:10Z" finished-at="2018-01-04T02:13:10Z">
          <reporter-output>
          </reporter-output>
        </test-method> <!-- teardown -->
      </class> <!-- com.test.runner.DataDrivenTest_DB -->
    </test> <!-- chrome -->
  </suite> <!-- Suite -->
</testng-results>
